#
# A fatal error has been detected by the Java Runtime Environment:
#
#  SIGSEGV (0xb) at pc=0x000000000224b300, pid=26145, tid=140348473390848
#
# JRE version: 6.0_33-b33
# Java VM: OpenJDK 64-Bit Server VM (23.25-b01 mixed mode linux-amd64 compressed oops)
# Derivative: IcedTea6 1.13.5
# Distribution: Ubuntu 12.04 LTS, package 6b33-1.13.5-1ubuntu0.12.04
# Problematic frame:
# C  0x000000000224b300
#
# Failed to write core dump. Core dumps have been disabled. To enable core dumping, try "ulimit -c unlimited" before starting Java again
#
# If you would like to submit a bug report, please include
# instructions how to reproduce the bug and visit:
#   https://bugs.launchpad.net/ubuntu/+source/openjdk-6/
#

---------------  T H R E A D  ---------------

Current thread (0x00000000020cf800):  VMThread [stack: 0x00007fa56cd6b000,0x00007fa56ce6c000] [id=26232]

siginfo:si_signo=SIGSEGV: si_errno=0, si_code=2 (SEGV_ACCERR), si_addr=0x000000000224b300

Registers:
RAX=0x00007fa57ce17ad8, RBX=0x00000000022470d0, RCX=0x00007fa52c000028, RDX=0x0000000002247130
RSP=0x00007fa56ce6a948, RBP=0x0000000002247130, RSI=0x00000000022470d0, RDI=0x000000000224b310
R8 =0x0000000002247130, R9 =0x0000000000006678, R10=0x00007fa56ce6a6e0, R11=0x00007fa56c12e690
R12=0x0000000002243950, R13=0x0000000000000001, R14=0x0000000002078a28, R15=0x0000000002078650
RIP=0x000000000224b300, EFLAGS=0x0000000000010206, CSGSFS=0x0000000000000033, ERR=0x0000000000000015
  TRAPNO=0x000000000000000e

Top of Stack: (sp=0x00007fa56ce6a948)
0x00007fa56ce6a948:   00007fa56c12e89c 00000000022470d0
0x00007fa56ce6a958:   00000000022452a0 0000000000000001
0x00007fa56ce6a968:   000000000224aa00 00000000022481a0
0x00007fa56ce6a978:   00007fa56c1a1b7b 00007fa56c0bc000
0x00007fa56ce6a988:   00007fa57de28774 0000000002248218
0x00007fa56ce6a998:   0000000000000001 00000000022481b0
0x00007fa56ce6a9a8:   00007fa57de28701 0000000000000005
0x00007fa56ce6a9b8:   00000000022481a0 00000000ffffffff
0x00007fa56ce6a9c8:   0000000002243950 0000000000000001
0x00007fa56ce6a9d8:   00007fa57de2f235 00007fa52c0008d8
0x00007fa56ce6a9e8:   0000000000000004 00007fa52c000d08
0x00007fa56ce6a9f8:   0000000000000081 00007fa52c000d48
0x00007fa56ce6aa08:   0000000002244490 00000000022481a0
0x00007fa56ce6aa18:   00000000ffffffff 0000000002243950
0x00007fa56ce6aa28:   00007fa56c1a1f5e 0000000000000001
0x00007fa56ce6aa38:   00000000022481a0 00000000ffffffff
0x00007fa56ce6aa48:   00007fa56c1a3892 0000000002248050
0x00007fa56ce6aa58:   00007fa56c1a3369 0000000002078650
0x00007fa56ce6aa68:   0000000000000081 00007fa57ce17688
0x00007fa56ce6aa78:   00007fa57ca9a5b1 0000000000000000
0x00007fa56ce6aa88:   0000000000000081 00007fa56ce6aad0
0x00007fa56ce6aa98:   0000000001ec7730 0000000002078640
0x00007fa56ce6aaa8:   00007fa57ca9a635 0000000000000077
0x00007fa56ce6aab8:   00007fa57ae8d9b7 00007fa55c646650
0x00007fa56ce6aac8:   00007fa55c646650 00007fa56ce6ab10
0x00007fa56ce6aad8:   00007fa57b1b7c6c 00000000546219fd
0x00007fa56ce6aae8:   0000000001ec7730 00007fa55c646650
0x00007fa56ce6aaf8:   0000000002078640 0000000002078650
0x00007fa56ce6ab08:   0000000002078a28 00007fa56ce6ab90
0x00007fa56ce6ab18:   00007fa57b1b6837 00007fa56ce6ab90
0x00007fa56ce6ab28:   00007fa57b0d81b1 0000000000000000
0x00007fa56ce6ab38:   000000008f6bcc33 000000086ce6ab01 

Instructions: (pc=0x000000000224b300)
0x000000000224b2e0:   00 00 00 00 00 00 00 00 00 00 00 00 00 00 00 00
0x000000000224b2f0:   00 00 00 00 00 00 00 00 00 00 00 00 00 00 00 00
0x000000000224b300:   00 00 00 00 00 00 00 00 71 03 00 00 00 00 00 00
0x000000000224b310:   d8 7a e1 7c a5 7f 00 00 d8 7a e1 7c a5 7f 00 00 

Register to memory mapping:

RAX=0x00007fa57ce17ad8: <offset 0x3b8ad8> in /lib/x86_64-linux-gnu/libc.so.6 at 0x00007fa57ca5f000
RBX=0x00000000022470d0 is an unknown value
RCX=0x00007fa52c000028 is an unknown value
RDX=0x0000000002247130 is an unknown value
RSP=0x00007fa56ce6a948 is an unknown value
RBP=0x0000000002247130 is an unknown value
RSI=0x00000000022470d0 is an unknown value
RDI=0x000000000224b310 is an unknown value
R8 =0x0000000002247130 is an unknown value
R9 =0x0000000000006678 is an unknown value
R10=0x00007fa56ce6a6e0 is an unknown value
R11=0x00007fa56c12e690: _ZN3ros18ServicePublication18dropAllConnectionsEv+0 in /opt/ros/hydro/lib/libroscpp.so at 0x00007fa56c0bc000
R12=0x0000000002243950 is an unknown value
R13=0x0000000000000001 is an unknown value
R14=0x0000000002078a28 is an unknown value
R15=0x0000000002078650 is an unknown value


Stack: [0x00007fa56cd6b000,0x00007fa56ce6c000],  sp=0x00007fa56ce6a948,  free space=1022k
Native frames: (J=compiled Java code, j=interpreted, Vv=VM code, C=native code)
C  0x000000000224b300

VM_Operation (0x00007fa55c646650): Exit, mode: safepoint, requested by thread 0x00007fa518001000


---------------  P R O C E S S  ---------------

Java Threads: ( => current thread )
  0x00007fa518002800 JavaThread "SIGTERM handler" daemon [_thread_blocked, id=28075, stack(0x00007fa55c446000,0x00007fa55c547000)]
  0x00007fa518001000 JavaThread "SIGHUP handler" daemon [_thread_blocked, id=28070, stack(0x00007fa55c547000,0x00007fa55c648000)]
  0x000000000212e800 JavaThread "Low Memory Detector" daemon [_thread_blocked, id=26238, stack(0x00007fa56c765000,0x00007fa56c866000)]
  0x000000000212c000 JavaThread "C2 CompilerThread1" daemon [_thread_blocked, id=26237, stack(0x00007fa56c866000,0x00007fa56c967000)]
  0x0000000002129800 JavaThread "C2 CompilerThread0" daemon [_thread_blocked, id=26236, stack(0x00007fa56c967000,0x00007fa56ca68000)]
  0x00000000020d9800 JavaThread "Finalizer" daemon [_thread_blocked, id=26234, stack(0x00007fa56cb69000,0x00007fa56cc6a000)]
  0x00000000020d7800 JavaThread "Reference Handler" daemon [_thread_blocked, id=26233, stack(0x00007fa56cc6a000,0x00007fa56cd6b000)]
  0x000000000205b000 JavaThread "main" [_thread_in_native, id=26145, stack(0x00007fff7fcea000,0x00007fff7fdea000)]

Other Threads:
=>0x00000000020cf800 VMThread [stack: 0x00007fa56cd6b000,0x00007fa56ce6c000] [id=26232]

VM state:at safepoint (shutting down)

VM Mutex/Monitor currently owned by a thread:  ([mutex/lock_event])
[0x0000000001f52c70] Threads_lock - owner thread: 0x00000000020cf800

Heap
 PSYoungGen      total 149888K, used 10281K [0x00000007d5560000, 0x00000007dfca0000, 0x0000000800000000)
  eden space 128512K, 8% used [0x00000007d5560000,0x00000007d5f6a580,0x00000007dd2e0000)
  from space 21376K, 0% used [0x00000007de7c0000,0x00000007de7c0000,0x00000007dfca0000)
  to   space 21376K, 0% used [0x00000007dd2e0000,0x00000007dd2e0000,0x00000007de7c0000)
 ParOldGen       total 342656K, used 0K [0x0000000780000000, 0x0000000794ea0000, 0x00000007d5560000)
  object space 342656K, 0% used [0x0000000780000000,0x0000000780000000,0x0000000794ea0000)
 PSPermGen       total 21248K, used 4928K [0x0000000775a00000, 0x0000000776ec0000, 0x0000000780000000)
  object space 21248K, 23% used [0x0000000775a00000,0x0000000775ed02b8,0x0000000776ec0000)

Card table byte_map: [0x00007fa57509f000,0x00007fa5754f3000] byte_map_base: 0x00007fa5714f2000

Polling page: 0x00007fa57e016000

Code Cache  [0x00007fa5754f3000, 0x00007fa575763000, 0x00007fa5784f3000)
 total_blobs=246 nmethods=24 adapters=176 free_code_cache=48696Kb largest_free_block=49843776

Compilation events (10 events):
Event: 16.151 Thread 0x000000000212c000 nmethod 19 0x00007fa57555f510 code [0x00007fa57555f660, 0x00007fa57555f7b8]
Event: 16.151 Thread 0x000000000212c000   20             java.lang.CharacterDataLatin1::toLowerCase (39 bytes)
Event: 16.152 Thread 0x000000000212c000 nmethod 20 0x00007fa57555f290 code [0x00007fa57555f3c0, 0x00007fa57555f478]
Event: 16.152 Thread 0x000000000212c000   21             java.lang.String::toLowerCase (436 bytes)
Event: 16.160 Thread 0x0000000002129800 nmethod 18 0x00007fa575560790 code [0x00007fa575560900, 0x00007fa575561388]
Event: 16.160 Thread 0x0000000002129800   23             java.lang.Integer::reverseBytes (26 bytes)
Event: 16.161 Thread 0x0000000002129800 nmethod 23 0x00007fa57555ecd0 code [0x00007fa57555ee00, 0x00007fa57555ee78]
Event: 16.168 Thread 0x000000000212c000 nmethod 21 0x00007fa575563750 code [0x00007fa575563980, 0x00007fa575564550]
Event: 16.175 Thread 0x0000000002129800   24             sun.nio.cs.UTF_8$Encoder::encodeArrayLoop (490 bytes)
Event: 16.182 Thread 0x0000000002129800 nmethod 24 0x00007fa575569250 code [0x00007fa575569400, 0x00007fa575569b90]

GC Heap History (0 events):
No events

Deoptimization events (0 events):
No events

Internal exceptions (10 events):
Event: 16.169 Thread 0x000000000205b000 Threw 0x00000007d5874d00 at /build/buildd/openjdk-6-6b33-1.13.5/build/openjdk/hotspot/src/share/vm/classfile/systemDictionary.cpp:1
Event: 16.169 Thread 0x000000000205b000 Threw 0x00000007d5875018 at /build/buildd/openjdk-6-6b33-1.13.5/build/openjdk/hotspot/src/share/vm/prims/jvm.cpp:1272
Event: 16.169 Thread 0x000000000205b000 Threw 0x00000007d587ca50 at /build/buildd/openjdk-6-6b33-1.13.5/build/openjdk/hotspot/src/share/vm/classfile/systemDictionary.cpp:1
Event: 16.169 Thread 0x000000000205b000 Threw 0x00000007d587cd70 at /build/buildd/openjdk-6-6b33-1.13.5/build/openjdk/hotspot/src/share/vm/prims/jvm.cpp:1272
Event: 16.171 Thread 0x000000000205b000 Threw 0x00000007d5884958 at /build/buildd/openjdk-6-6b33-1.13.5/build/openjdk/hotspot/src/share/vm/classfile/systemDictionary.cpp:1
Event: 16.171 Thread 0x000000000205b000 Threw 0x00000007d5884c78 at /build/buildd/openjdk-6-6b33-1.13.5/build/openjdk/hotspot/src/share/vm/prims/jvm.cpp:1272
Event: 16.171 Thread 0x000000000205b000 Threw 0x00000007d588c460 at /build/buildd/openjdk-6-6b33-1.13.5/build/openjdk/hotspot/src/share/vm/classfile/systemDictionary.cpp:1
Event: 16.171 Thread 0x000000000205b000 Threw 0x00000007d588c778 at /build/buildd/openjdk-6-6b33-1.13.5/build/openjdk/hotspot/src/share/vm/prims/jvm.cpp:1272
Event: 16.174 Thread 0x000000000205b000 Threw 0x00000007d58a0758 at /build/buildd/openjdk-6-6b33-1.13.5/build/openjdk/hotspot/src/share/vm/classfile/systemDictionary.cpp:1
Event: 16.175 Thread 0x000000000205b000 Threw 0x00000007d58a0ac0 at /build/buildd/openjdk-6-6b33-1.13.5/build/openjdk/hotspot/src/share/vm/prims/jvm.cpp:1272

Events (10 events):
Event: 2406.206 loading class 0x000000000210b7c0
Event: 2406.206 loading class 0x000000000210b800
Event: 2406.206 loading class 0x000000000210b800 done
Event: 2406.206 loading class 0x000000000210b7c0 done
Event: 2406.206 loading class 0x0000000002105ab0
Event: 2406.206 loading class 0x0000000002105ab0 done
Event: 2406.206 loading class 0x0000000002106ea0
Event: 2406.206 loading class 0x0000000002106ea0 done
Event: 2406.206 Thread 0x0000000002127000 Thread exited: 0x0000000002127000
Event: 2406.206 Executing VM operation: Exit


Dynamic libraries:
00400000-004e2000 r-xp 00000000 08:02 290160                             /usr/lib/swi-prolog/bin/amd64/swipl
006e2000-006f2000 r--p 000e2000 08:02 290160                             /usr/lib/swi-prolog/bin/amd64/swipl
006f2000-006f5000 rw-p 000f2000 08:02 290160                             /usr/lib/swi-prolog/bin/amd64/swipl
006f5000-006f9000 rw-p 00000000 00:00 0 
01aa5000-02445000 rw-p 00000000 00:00 0                                  [heap]
775a00000-776ec0000 rw-p 00000000 00:00 0 
776ec0000-780000000 rw-p 00000000 00:00 0 
780000000-794ea0000 rw-p 00000000 00:00 0 
794ea0000-7d5560000 rw-p 00000000 00:00 0 
7d5560000-7dfca0000 rw-p 00000000 00:00 0 
7dfca0000-800000000 rw-p 00000000 00:00 0 
7fa4ec000000-7fa4ec021000 rw-p 00000000 00:00 0 
7fa4ec021000-7fa4f0000000 ---p 00000000 00:00 0 
7fa4f0000000-7fa4f0021000 rw-p 00000000 00:00 0 
7fa4f0021000-7fa4f4000000 ---p 00000000 00:00 0 
7fa4f4000000-7fa4f4021000 rw-p 00000000 00:00 0 
7fa4f4021000-7fa4f8000000 ---p 00000000 00:00 0 
7fa4f8000000-7fa4f8021000 rw-p 00000000 00:00 0 
7fa4f8021000-7fa4fc000000 ---p 00000000 00:00 0 
7fa4fc000000-7fa4fc021000 rw-p 00000000 00:00 0 
7fa4fc021000-7fa500000000 ---p 00000000 00:00 0 
7fa500000000-7fa500021000 rw-p 00000000 00:00 0 
7fa500021000-7fa504000000 ---p 00000000 00:00 0 
7fa504000000-7fa504021000 rw-p 00000000 00:00 0 
7fa504021000-7fa508000000 ---p 00000000 00:00 0 
7fa508000000-7fa508021000 rw-p 00000000 00:00 0 
7fa508021000-7fa50c000000 ---p 00000000 00:00 0 
7fa50c000000-7fa50c1ed000 rw-p 00000000 00:00 0 
7fa50c1ed000-7fa510000000 ---p 00000000 00:00 0 
7fa510000000-7fa5101b3000 rw-p 00000000 00:00 0 
7fa5101b3000-7fa514000000 ---p 00000000 00:00 0 
7fa514000000-7fa514021000 rw-p 00000000 00:00 0 
7fa514021000-7fa518000000 ---p 00000000 00:00 0 
7fa518000000-7fa518021000 rw-p 00000000 00:00 0 
7fa518021000-7fa51c000000 ---p 00000000 00:00 0 
7fa51c000000-7fa51c021000 rw-p 00000000 00:00 0 
7fa51c021000-7fa520000000 ---p 00000000 00:00 0 
7fa523ad0000-7fa528000000 rw-p 00000000 00:00 0 
7fa528000000-7fa528021000 rw-p 00000000 00:00 0 
7fa528021000-7fa52c000000 ---p 00000000 00:00 0 
7fa52c000000-7fa52c021000 rw-p 00000000 00:00 0 
7fa52c021000-7fa530000000 ---p 00000000 00:00 0 
7fa530000000-7fa530021000 rw-p 00000000 00:00 0 
7fa530021000-7fa534000000 ---p 00000000 00:00 0 
7fa538000000-7fa538021000 rw-p 00000000 00:00 0 
7fa538021000-7fa53c000000 ---p 00000000 00:00 0 
7fa540000000-7fa540021000 rw-p 00000000 00:00 0 
7fa540021000-7fa544000000 ---p 00000000 00:00 0 
7fa548000000-7fa548021000 rw-p 00000000 00:00 0 
7fa548021000-7fa54c000000 ---p 00000000 00:00 0 
7fa550000000-7fa550021000 rw-p 00000000 00:00 0 
7fa550021000-7fa554000000 ---p 00000000 00:00 0 
7fa558000000-7fa558021000 rw-p 00000000 00:00 0 
7fa558021000-7fa55c000000 ---p 00000000 00:00 0 
7fa55c446000-7fa55c449000 ---p 00000000 00:00 0 
7fa55c449000-7fa55c547000 rw-p 00000000 00:00 0                          [stack:28075]
7fa55c547000-7fa55c54a000 ---p 00000000 00:00 0 
7fa55c54a000-7fa55c648000 rw-p 00000000 00:00 0                          [stack:28070]
7fa55c648000-7fa55c65c000 r-xp 00000000 08:02 2630875                    /home/yazdani/work/ros/hydro/rosbuild_ws/knowrob/3rdparty/jpl/jpl/libjpl.so
7fa55c65c000-7fa55c85c000 ---p 00014000 08:02 2630875                    /home/yazdani/work/ros/hydro/rosbuild_ws/knowrob/3rdparty/jpl/jpl/libjpl.so
7fa55c85c000-7fa55c85d000 rw-p 00014000 08:02 2630875                    /home/yazdani/work/ros/hydro/rosbuild_ws/knowrob/3rdparty/jpl/jpl/libjpl.so
7fa55c85d000-7fa55c85e000 ---p 00000000 00:00 0 
7fa55c85e000-7fa55d05e000 rw-p 00000000 00:00 0 
7fa55d05e000-7fa55d05f000 ---p 00000000 00:00 0 
7fa55d05f000-7fa55d85f000 rw-p 00000000 00:00 0                          [stack:26243]
7fa55d85f000-7fa55d860000 ---p 00000000 00:00 0 
7fa55d860000-7fa55e060000 rw-p 00000000 00:00 0                          [stack:26242]
7fa55e060000-7fa55e061000 ---p 00000000 00:00 0 
7fa55e061000-7fa55e861000 rw-p 00000000 00:00 0                          [stack:26241]
7fa55e861000-7fa55f9d0000 r-xp 00000000 08:02 265101                     /usr/lib/libicudata.so.48.1.1
7fa55f9d0000-7fa55fbcf000 ---p 0116f000 08:02 265101                     /usr/lib/libicudata.so.48.1.1
7fa55fbcf000-7fa55fbd0000 r--p 0116e000 08:02 265101                     /usr/lib/libicudata.so.48.1.1
7fa55fbd0000-7fa55fbd1000 rw-p 0116f000 08:02 265101                     /usr/lib/libicudata.so.48.1.1
7fa55fbd1000-7fa55fbd5000 r-xp 00000000 08:02 5249285                    /lib/x86_64-linux-gnu/libuuid.so.1.3.0
7fa55fbd5000-7fa55fdd4000 ---p 00004000 08:02 5249285                    /lib/x86_64-linux-gnu/libuuid.so.1.3.0
7fa55fdd4000-7fa55fdd5000 r--p 00003000 08:02 5249285                    /lib/x86_64-linux-gnu/libuuid.so.1.3.0
7fa55fdd5000-7fa55fdd6000 rw-p 00004000 08:02 5249285                    /lib/x86_64-linux-gnu/libuuid.so.1.3.0
7fa55fdd6000-7fa55fdfd000 r-xp 00000000 08:02 5246911                    /lib/x86_64-linux-gnu/libexpat.so.1.5.2
7fa55fdfd000-7fa55fffd000 ---p 00027000 08:02 5246911                    /lib/x86_64-linux-gnu/libexpat.so.1.5.2
7fa55fffd000-7fa55ffff000 r--p 00027000 08:02 5246911                    /lib/x86_64-linux-gnu/libexpat.so.1.5.2
7fa55ffff000-7fa560000000 rw-p 00029000 08:02 5246911                    /lib/x86_64-linux-gnu/libexpat.so.1.5.2
7fa560000000-7fa560021000 rw-p 00000000 00:00 0 
7fa560021000-7fa564000000 ---p 00000000 00:00 0 
7fa564046000-7fa564087000 rw-p 00000000 00:00 0 
7fa564087000-7fa5640b0000 r--s 001c2000 08:02 2628318                    /home/yazdani/work/ros/hydro/rosbuild_ws/knowrob/knowrob_common/lib/owlapi-bin.jar
7fa5640b0000-7fa5640b2000 r-xp 00000000 08:02 5242884                    /lib/x86_64-linux-gnu/libutil-2.15.so
7fa5640b2000-7fa5642b1000 ---p 00002000 08:02 5242884                    /lib/x86_64-linux-gnu/libutil-2.15.so
7fa5642b1000-7fa5642b2000 r--p 00001000 08:02 5242884                    /lib/x86_64-linux-gnu/libutil-2.15.so
7fa5642b2000-7fa5642b3000 rw-p 00002000 08:02 5242884                    /lib/x86_64-linux-gnu/libutil-2.15.so
7fa5642b3000-7fa564464000 r-xp 00000000 08:02 5246838                    /lib/x86_64-linux-gnu/libcrypto.so.1.0.0
7fa564464000-7fa564664000 ---p 001b1000 08:02 5246838                    /lib/x86_64-linux-gnu/libcrypto.so.1.0.0
7fa564664000-7fa56467f000 r--p 001b1000 08:02 5246838                    /lib/x86_64-linux-gnu/libcrypto.so.1.0.0
7fa56467f000-7fa56468a000 rw-p 001cc000 08:02 5246838                    /lib/x86_64-linux-gnu/libcrypto.so.1.0.0
7fa56468a000-7fa56468e000 rw-p 00000000 00:00 0 
7fa56468e000-7fa5646e2000 r-xp 00000000 08:02 5246839                    /lib/x86_64-linux-gnu/libssl.so.1.0.0
7fa5646e2000-7fa5648e2000 ---p 00054000 08:02 5246839                    /lib/x86_64-linux-gnu/libssl.so.1.0.0
7fa5648e2000-7fa5648e5000 r--p 00054000 08:02 5246839                    /lib/x86_64-linux-gnu/libssl.so.1.0.0
7fa5648e5000-7fa5648ec000 rw-p 00057000 08:02 5246839                    /lib/x86_64-linux-gnu/libssl.so.1.0.0
7fa5648ec000-7fa564aa7000 r-xp 00000000 08:02 265103                     /usr/lib/libicui18n.so.48.1.1
7fa564aa7000-7fa564ca6000 ---p 001bb000 08:02 265103                     /usr/lib/libicui18n.so.48.1.1
7fa564ca6000-7fa564cb2000 r--p 001ba000 08:02 265103                     /usr/lib/libicui18n.so.48.1.1
7fa564cb2000-7fa564cb4000 rw-p 001c6000 08:02 265103                     /usr/lib/libicui18n.so.48.1.1
7fa564cb4000-7fa564e09000 r-xp 00000000 08:02 265115                     /usr/lib/libicuuc.so.48.1.1
7fa564e09000-7fa565009000 ---p 00155000 08:02 265115                     /usr/lib/libicuuc.so.48.1.1
7fa565009000-7fa565019000 r--p 00155000 08:02 265115                     /usr/lib/libicuuc.so.48.1.1
7fa565019000-7fa56501a000 rw-p 00165000 08:02 265115                     /usr/lib/libicuuc.so.48.1.1
7fa56501a000-7fa56501e000 rw-p 00000000 00:00 0 
7fa56501e000-7fa565056000 r-xp 00000000 08:02 274006                     /usr/lib/libapr-1.so.0.4.6
7fa565056000-7fa565255000 ---p 00038000 08:02 274006                     /usr/lib/libapr-1.so.0.4.6
7fa565255000-7fa565256000 r--p 00037000 08:02 274006                     /usr/lib/libapr-1.so.0.4.6
7fa565256000-7fa565257000 rw-p 00038000 08:02 274006                     /usr/lib/libapr-1.so.0.4.6
7fa565257000-7fa565278000 r-xp 00000000 08:02 274016                     /usr/lib/libaprutil-1.so.0.3.12
7fa565278000-7fa565478000 ---p 00021000 08:02 274016                     /usr/lib/libaprutil-1.so.0.3.12
7fa565478000-7fa565479000 r--p 00021000 08:02 274016                     /usr/lib/libaprutil-1.so.0.3.12
7fa565479000-7fa56547a000 rw-p 00022000 08:02 274016                     /usr/lib/libaprutil-1.so.0.3.12
7fa56547a000-7fa565482000 r-xp 00000000 08:02 3539303                    /opt/ros/hydro/lib/libconsole_bridge.so
7fa565482000-7fa565682000 ---p 00008000 08:02 3539303                    /opt/ros/hydro/lib/libconsole_bridge.so
7fa565682000-7fa565683000 r--p 00008000 08:02 3539303                    /opt/ros/hydro/lib/libconsole_bridge.so
7fa565683000-7fa565684000 rw-p 00009000 08:02 3539303                    /opt/ros/hydro/lib/libconsole_bridge.so
7fa565684000-7fa565905000 r-xp 00000000 08:02 273506                     /usr/lib/libpython2.7.so.1.0
7fa565905000-7fa565b04000 ---p 00281000 08:02 273506                     /usr/lib/libpython2.7.so.1.0
7fa565b04000-7fa565b06000 r--p 00280000 08:02 273506                     /usr/lib/libpython2.7.so.1.0
7fa565b06000-7fa565b6f000 rw-p 00282000 08:02 273506                     /usr/lib/libpython2.7.so.1.0
7fa565b6f000-7fa565b81000 rw-p 00000000 00:00 0 
7fa565b81000-7fa565be2000 r-xp 00000000 08:02 274319                     /usr/lib/libboost_program_options.so.1.46.1
7fa565be2000-7fa565de2000 ---p 00061000 08:02 274319                     /usr/lib/libboost_program_options.so.1.46.1
7fa565de2000-7fa565de5000 r--p 00061000 08:02 274319                     /usr/lib/libboost_program_options.so.1.46.1
7fa565de5000-7fa565de6000 rw-p 00064000 08:02 274319                     /usr/lib/libboost_program_options.so.1.46.1
7fa565de6000-7fa565dfa000 r-xp 00000000 08:02 274551                     /usr/lib/libtinyxml.so.2.6.2
7fa565dfa000-7fa565ff9000 ---p 00014000 08:02 274551                     /usr/lib/libtinyxml.so.2.6.2
7fa565ff9000-7fa565ffa000 r--p 00013000 08:02 274551                     /usr/lib/libtinyxml.so.2.6.2
7fa565ffa000-7fa565ffb000 rw-p 00014000 08:02 274551                     /usr/lib/libtinyxml.so.2.6.2
7fa565ffb000-7fa5660f6000 r-xp 00000000 08:02 274201                     /usr/lib/libboost_regex.so.1.46.1
7fa5660f6000-7fa5662f5000 ---p 000fb000 08:02 274201                     /usr/lib/libboost_regex.so.1.46.1
7fa5662f5000-7fa5662fa000 r--p 000fa000 08:02 274201                     /usr/lib/libboost_regex.so.1.46.1
7fa5662fa000-7fa5662fc000 rw-p 000ff000 08:02 274201                     /usr/lib/libboost_regex.so.1.46.1
7fa5662fc000-7fa5662fd000 rw-p 00000000 00:00 0 
7fa5662fd000-7fa5664b0000 r-xp 00000000 08:02 274791                     /usr/lib/liblog4cxx.so.10.0.0
7fa5664b0000-7fa5666af000 ---p 001b3000 08:02 274791                     /usr/lib/liblog4cxx.so.10.0.0
7fa5666af000-7fa5666d9000 r--p 001b2000 08:02 274791                     /usr/lib/liblog4cxx.so.10.0.0
7fa5666d9000-7fa5666da000 rw-p 001dc000 08:02 274791                     /usr/lib/liblog4cxx.so.10.0.0
7fa5666da000-7fa5666dc000 rw-p 00000000 00:00 0 
7fa5666dc000-7fa5666dd000 r-xp 00000000 08:02 3539413                    /opt/ros/hydro/lib/librosconsole_backend_interface.so
7fa5666dd000-7fa5668dc000 ---p 00001000 08:02 3539413                    /opt/ros/hydro/lib/librosconsole_backend_interface.so
7fa5668dc000-7fa5668dd000 r--p 00000000 08:02 3539413                    /opt/ros/hydro/lib/librosconsole_backend_interface.so
7fa5668dd000-7fa5668de000 rw-p 00001000 08:02 3539413                    /opt/ros/hydro/lib/librosconsole_backend_interface.so
7fa5668de000-7fa5668ed000 r-xp 00000000 08:02 3539412                    /opt/ros/hydro/lib/librosconsole_log4cxx.so
7fa5668ed000-7fa566aed000 ---p 0000f000 08:02 3539412                    /opt/ros/hydro/lib/librosconsole_log4cxx.so
7fa566aed000-7fa566aef000 r--p 0000f000 08:02 3539412                    /opt/ros/hydro/lib/librosconsole_log4cxx.so
7fa566aef000-7fa566af0000 rw-p 00011000 08:02 3539412                    /opt/ros/hydro/lib/librosconsole_log4cxx.so
7fa566af0000-7fa566b0d000 r-xp 00000000 08:02 273515                     /usr/lib/libboost_filesystem.so.1.46.1
7fa566b0d000-7fa566d0c000 ---p 0001d000 08:02 273515                     /usr/lib/libboost_filesystem.so.1.46.1
7fa566d0c000-7fa566d0d000 r--p 0001c000 08:02 273515                     /usr/lib/libboost_filesystem.so.1.46.1
7fa566d0d000-7fa566d0e000 rw-p 0001d000 08:02 273515                     /usr/lib/libboost_filesystem.so.1.46.1
7fa566d0e000-7fa566d21000 r-xp 00000000 08:02 274434                     /usr/lib/libboost_signals.so.1.46.1
7fa566d21000-7fa566f20000 ---p 00013000 08:02 274434                     /usr/lib/libboost_signals.so.1.46.1
7fa566f20000-7fa566f21000 r--p 00012000 08:02 274434                     /usr/lib/libboost_signals.so.1.46.1
7fa566f21000-7fa566f22000 rw-p 00013000 08:02 274434                     /usr/lib/libboost_signals.so.1.46.1
7fa566f22000-7fa566f29000 r-xp 00000000 08:02 3539308                    /opt/ros/hydro/lib/libcpp_common.so
7fa566f29000-7fa567128000 ---p 00007000 08:02 3539308                    /opt/ros/hydro/lib/libcpp_common.so
7fa567128000-7fa567129000 r--p 00006000 08:02 3539308                    /opt/ros/hydro/lib/libcpp_common.so
7fa567129000-7fa56712a000 rw-p 00007000 08:02 3539308                    /opt/ros/hydro/lib/libcpp_common.so
7fa56712a000-7fa567146000 r-xp 00000000 08:02 3539603                    /opt/ros/hydro/lib/libxmlrpcpp.so
7fa567146000-7fa567346000 ---p 0001c000 08:02 3539603                    /opt/ros/hydro/lib/libxmlrpcpp.so
7fa567346000-7fa567347000 r--p 0001c000 08:02 3539603                    /opt/ros/hydro/lib/libxmlrpcpp.so
7fa567347000-7fa567348000 rw-p 0001d000 08:02 3539603                    /opt/ros/hydro/lib/libxmlrpcpp.so
7fa567348000-7fa56734b000 r-xp 00000000 08:02 273514                     /usr/lib/libboost_system.so.1.46.1
7fa56734b000-7fa56754a000 ---p 00003000 08:02 273514                     /usr/lib/libboost_system.so.1.46.1
7fa56754a000-7fa56754b000 r--p 00002000 08:02 273514                     /usr/lib/libboost_system.so.1.46.1
7fa56754b000-7fa56754c000 rw-p 00003000 08:02 273514                     /usr/lib/libboost_system.so.1.46.1
7fa56754c000-7fa567563000 r-xp 00000000 08:02 273458                     /usr/lib/libboost_thread.so.1.46.1
7fa567563000-7fa567762000 ---p 00017000 08:02 273458                     /usr/lib/libboost_thread.so.1.46.1
7fa567762000-7fa567764000 r--p 00016000 08:02 273458                     /usr/lib/libboost_thread.so.1.46.1
7fa567764000-7fa567765000 rw-p 00018000 08:02 273458                     /usr/lib/libboost_thread.so.1.46.1
7fa567765000-7fa56778a000 r-xp 00000000 08:02 3539328                    /opt/ros/hydro/lib/librostime.so
7fa56778a000-7fa56798a000 ---p 00025000 08:02 3539328                    /opt/ros/hydro/lib/librostime.so
7fa56798a000-7fa56798c000 r--p 00025000 08:02 3539328                    /opt/ros/hydro/lib/librostime.so
7fa56798c000-7fa56798d000 rw-p 00027000 08:02 3539328                    /opt/ros/hydro/lib/librostime.so
7fa56798d000-7fa56798f000 r-xp 00000000 08:02 3539351                    /opt/ros/hydro/lib/libroscpp_serialization.so
7fa56798f000-7fa567b8e000 ---p 00002000 08:02 3539351                    /opt/ros/hydro/lib/libroscpp_serialization.so
7fa567b8e000-7fa567b8f000 r--p 00001000 08:02 3539351                    /opt/ros/hydro/lib/libroscpp_serialization.so
7fa567b8f000-7fa567b90000 rw-p 00002000 08:02 3539351                    /opt/ros/hydro/lib/libroscpp_serialization.so
7fa567b90000-7fa567bd5000 r-xp 00000000 08:02 3539589                    /opt/ros/hydro/lib/librospack.so
7fa567bd5000-7fa567dd5000 ---p 00045000 08:02 3539589                    /opt/ros/hydro/lib/librospack.so
7fa567dd5000-7fa567dd6000 r--p 00045000 08:02 3539589                    /opt/ros/hydro/lib/librospack.so
7fa567dd6000-7fa567dd7000 rw-p 00046000 08:02 3539589                    /opt/ros/hydro/lib/librospack.so
7fa567dd7000-7fa567dfe000 r-xp 00000000 08:02 3539414                    /opt/ros/hydro/lib/librosconsole.so
7fa567dfe000-7fa567ffd000 ---p 00027000 08:02 3539414                    /opt/ros/hydro/lib/librosconsole.so
7fa567ffd000-7fa567fff000 r--p 00026000 08:02 3539414                    /opt/ros/hydro/lib/librosconsole.so
7fa567fff000-7fa568000000 rw-p 00028000 08:02 3539414                    /opt/ros/hydro/lib/librosconsole.so
7fa568000000-7fa568021000 rw-p 00000000 00:00 0 
7fa568021000-7fa56c000000 ---p 00000000 00:00 0 
7fa56c001000-7fa56c06b000 r--s 005c8000 08:02 2628304                    /home/yazdani/work/ros/hydro/rosbuild_ws/knowrob/knowrob_common/lib/HermiT.jar
7fa56c06b000-7fa56c094000 r--s 001ee000 08:02 2628309                    /home/yazdani/work/ros/hydro/rosbuild_ws/knowrob/knowrob_common/lib/guava-14.0.jar
7fa56c094000-7fa56c099000 r--s 0003d000 08:02 2628307                    /home/yazdani/work/ros/hydro/rosbuild_ws/knowrob/knowrob_common/lib/commons-net-3.0.1.jar
7fa56c0ac000-7fa56c0ae000 rw-p 00000000 00:00 0 
7fa56c0ae000-7fa56c0bc000 r--s 00193000 08:02 2628262                    /home/yazdani/work/ros/hydro/rosbuild_ws/knowrob/knowrob_cad_parser/lib/j3dutils.jar
7fa56c0bc000-7fa56c206000 r-xp 00000000 08:02 3539459                    /opt/ros/hydro/lib/libroscpp.so
7fa56c206000-7fa56c406000 ---p 0014a000 08:02 3539459                    /opt/ros/hydro/lib/libroscpp.so
7fa56c406000-7fa56c40c000 r--p 0014a000 08:02 3539459                    /opt/ros/hydro/lib/libroscpp.so
7fa56c40c000-7fa56c410000 rw-p 00150000 08:02 3539459                    /opt/ros/hydro/lib/libroscpp.so
7fa56c410000-7fa56c411000 rw-p 00000000 00:00 0 
7fa56c411000-7fa56c461000 r-xp 00000000 08:02 2770081                    /home/yazdani/work/ros/hydro/rosbuild_ws/rosjava_jni/rosjava_jni/bin/librosjava.so
7fa56c461000-7fa56c661000 ---p 00050000 08:02 2770081                    /home/yazdani/work/ros/hydro/rosbuild_ws/rosjava_jni/rosjava_jni/bin/librosjava.so
7fa56c661000-7fa56c662000 r--p 00050000 08:02 2770081                    /home/yazdani/work/ros/hydro/rosbuild_ws/rosjava_jni/rosjava_jni/bin/librosjava.so
7fa56c662000-7fa56c664000 rw-p 00051000 08:02 2770081                    /home/yazdani/work/ros/hydro/rosbuild_ws/rosjava_jni/rosjava_jni/bin/librosjava.so
7fa56c664000-7fa56c665000 ---p 00000000 00:00 0 
7fa56c665000-7fa56c765000 rw-p 00000000 00:00 0 
7fa56c765000-7fa56c768000 ---p 00000000 00:00 0 
7fa56c768000-7fa56c866000 rw-p 00000000 00:00 0                          [stack:26238]
7fa56c866000-7fa56c869000 ---p 00000000 00:00 0 
7fa56c869000-7fa56c967000 rw-p 00000000 00:00 0                          [stack:26237]
7fa56c967000-7fa56c96a000 ---p 00000000 00:00 0 
7fa56c96a000-7fa56ca68000 rw-p 00000000 00:00 0                          [stack:26236]
7fa56ca68000-7fa56ca6b000 ---p 00000000 00:00 0 
7fa56ca6b000-7fa56cb69000 rw-p 00000000 00:00 0 
7fa56cb69000-7fa56cb6c000 ---p 00000000 00:00 0 
7fa56cb6c000-7fa56cc6a000 rw-p 00000000 00:00 0                          [stack:26234]
7fa56cc6a000-7fa56cc6d000 ---p 00000000 00:00 0 
7fa56cc6d000-7fa56cd6b000 rw-p 00000000 00:00 0                          [stack:26233]
7fa56cd6b000-7fa56cd6c000 ---p 00000000 00:00 0 
7fa56cd6c000-7fa570000000 rw-p 00000000 00:00 0                          [stack:26232]
7fa570000000-7fa570021000 rw-p 00000000 00:00 0 
7fa570021000-7fa574000000 ---p 00000000 00:00 0 
7fa574000000-7fa574003000 r--s 00013000 08:02 292101                     /usr/lib/jvm/java-6-openjdk-common/jre/lib/jce.jar
7fa574003000-7fa574005000 r--s 00008000 08:02 2628265                    /home/yazdani/work/ros/hydro/rosbuild_ws/knowrob/knowrob_cad_parser/lib/processing/PeasyCam.jar
7fa574005000-7fa574253000 rw-p 00000000 00:00 0 
7fa574253000-7fa5743ea000 r--s 01a18000 08:02 419962                     /usr/lib/jvm/java-6-openjdk-amd64/jre/lib/rt.jar
7fa5743ea000-7fa5743eb000 ---p 00000000 00:00 0 
7fa5743eb000-7fa5744eb000 rw-p 00000000 00:00 0                          [stack:26231]
7fa5744eb000-7fa5744ec000 ---p 00000000 00:00 0 
7fa5744ec000-7fa5745ec000 rw-p 00000000 00:00 0                          [stack:26230]
7fa5745ec000-7fa5745ed000 ---p 00000000 00:00 0 
7fa5745ed000-7fa5746ed000 rw-p 00000000 00:00 0                          [stack:26229]
7fa5746ed000-7fa5746ee000 ---p 00000000 00:00 0 
7fa5746ee000-7fa5747ee000 rw-p 00000000 00:00 0                          [stack:26228]
7fa5747ee000-7fa5747ef000 ---p 00000000 00:00 0 
7fa5747ef000-7fa5748ef000 rw-p 00000000 00:00 0                          [stack:26227]
7fa5748ef000-7fa5748f0000 ---p 00000000 00:00 0 
7fa5748f0000-7fa5749f0000 rw-p 00000000 00:00 0                          [stack:26226]
7fa5749f0000-7fa5749f1000 ---p 00000000 00:00 0 
7fa5749f1000-7fa574af1000 rw-p 00000000 00:00 0                          [stack:26225]
7fa574af1000-7fa574af2000 ---p 00000000 00:00 0 
7fa574af2000-7fa574bf2000 rw-p 00000000 00:00 0                          [stack:26224]
7fa574bf2000-7fa574bf3000 ---p 00000000 00:00 0 
7fa574bf3000-7fa574cf3000 rw-p 00000000 00:00 0                          [stack:26223]
7fa574cf3000-7fa574cf4000 ---p 00000000 00:00 0 
7fa574cf4000-7fa574e9c000 rw-p 00000000 00:00 0                          [stack:26222]
7fa574e9c000-7fa57509f000 rw-p 00000000 00:00 0 
7fa57509f000-7fa5750aa000 rw-p 00000000 00:00 0 
7fa5750aa000-7fa5750f2000 rw-p 00000000 00:00 0 
7fa5750f2000-7fa57519a000 rw-p 00000000 00:00 0 
7fa57519a000-7fa57539c000 rw-p 00000000 00:00 0 
7fa57539c000-7fa5753f1000 rw-p 00000000 00:00 0 
7fa5753f1000-7fa5754f2000 rw-p 00000000 00:00 0 
7fa5754f2000-7fa5754f3000 rw-p 00000000 00:00 0 
7fa5754f3000-7fa575763000 rwxp 00000000 00:00 0 
7fa575763000-7fa5784f3000 rw-p 00000000 00:00 0 
7fa5784f3000-7fa578509000 r-xp 00000000 08:02 5247004                    /lib/x86_64-linux-gnu/libz.so.1.2.3.4
7fa578509000-7fa578708000 ---p 00016000 08:02 5247004                    /lib/x86_64-linux-gnu/libz.so.1.2.3.4
7fa578708000-7fa578709000 r--p 00015000 08:02 5247004                    /lib/x86_64-linux-gnu/libz.so.1.2.3.4
7fa578709000-7fa57870a000 rw-p 00016000 08:02 5247004                    /lib/x86_64-linux-gnu/libz.so.1.2.3.4
7fa57870a000-7fa578711000 r-xp 00000000 08:02 419940                     /usr/lib/jvm/java-6-openjdk-amd64/jre/lib/amd64/libzip.so
7fa578711000-7fa578910000 ---p 00007000 08:02 419940                     /usr/lib/jvm/java-6-openjdk-amd64/jre/lib/amd64/libzip.so
7fa578910000-7fa578911000 r--p 00006000 08:02 419940                     /usr/lib/jvm/java-6-openjdk-amd64/jre/lib/amd64/libzip.so
7fa578911000-7fa578912000 rw-p 00007000 08:02 419940                     /usr/lib/jvm/java-6-openjdk-amd64/jre/lib/amd64/libzip.so
7fa578912000-7fa57891e000 r-xp 00000000 08:02 5243008                    /lib/x86_64-linux-gnu/libnss_files-2.15.so
7fa57891e000-7fa578b1d000 ---p 0000c000 08:02 5243008                    /lib/x86_64-linux-gnu/libnss_files-2.15.so
7fa578b1d000-7fa578b1e000 r--p 0000b000 08:02 5243008                    /lib/x86_64-linux-gnu/libnss_files-2.15.so
7fa578b1e000-7fa578b1f000 rw-p 0000c000 08:02 5243008                    /lib/x86_64-linux-gnu/libnss_files-2.15.so
7fa578b1f000-7fa578b29000 r-xp 00000000 08:02 5243078                    /lib/x86_64-linux-gnu/libnss_nis-2.15.so
7fa578b29000-7fa578d29000 ---p 0000a000 08:02 5243078                    /lib/x86_64-linux-gnu/libnss_nis-2.15.so
7fa578d29000-7fa578d2a000 r--p 0000a000 08:02 5243078                    /lib/x86_64-linux-gnu/libnss_nis-2.15.so
7fa578d2a000-7fa578d2b000 rw-p 0000b000 08:02 5243078                    /lib/x86_64-linux-gnu/libnss_nis-2.15.so
7fa578d2b000-7fa578d42000 r-xp 00000000 08:02 5243179                    /lib/x86_64-linux-gnu/libnsl-2.15.so
7fa578d42000-7fa578f41000 ---p 00017000 08:02 5243179                    /lib/x86_64-linux-gnu/libnsl-2.15.so
7fa578f41000-7fa578f42000 r--p 00016000 08:02 5243179                    /lib/x86_64-linux-gnu/libnsl-2.15.so
7fa578f42000-7fa578f43000 rw-p 00017000 08:02 5243179                    /lib/x86_64-linux-gnu/libnsl-2.15.so
7fa578f43000-7fa578f45000 rw-p 00000000 00:00 0 
7fa578f45000-7fa578f4d000 r-xp 00000000 08:02 5242993                    /lib/x86_64-linux-gnu/libnss_compat-2.15.so
7fa578f4d000-7fa57914c000 ---p 00008000 08:02 5242993                    /lib/x86_64-linux-gnu/libnss_compat-2.15.so
7fa57914c000-7fa57914d000 r--p 00007000 08:02 5242993                    /lib/x86_64-linux-gnu/libnss_compat-2.15.so
7fa57914d000-7fa57914e000 rw-p 00008000 08:02 5242993                    /lib/x86_64-linux-gnu/libnss_compat-2.15.so
7fa57914e000-7fa579157000 r-xp 00000000 08:02 5242953                    /lib/x86_64-linux-gnu/libcrypt-2.15.so
7fa579157000-7fa579357000 ---p 00009000 08:02 5242953                    /lib/x86_64-linux-gnu/libcrypt-2.15.so
7fa579357000-7fa579358000 r--p 00009000 08:02 5242953                    /lib/x86_64-linux-gnu/libcrypt-2.15.so
7fa579358000-7fa579359000 rw-p 0000a000 08:02 5242953                    /lib/x86_64-linux-gnu/libcrypt-2.15.so
7fa579359000-7fa579387000 rw-p 00000000 00:00 0 
7fa579387000-7fa57938b000 r-xp 00000000 08:02 290180                     /usr/lib/swi-prolog/lib/amd64/crypt.so
7fa57938b000-7fa57958a000 ---p 00004000 08:02 290180                     /usr/lib/swi-prolog/lib/amd64/crypt.so
7fa57958a000-7fa57958b000 r--p 00003000 08:02 290180                     /usr/lib/swi-prolog/lib/amd64/crypt.so
7fa57958b000-7fa57958c000 rw-p 00004000 08:02 290180                     /usr/lib/swi-prolog/lib/amd64/crypt.so
7fa57958c000-7fa579594000 r-xp 00000000 08:02 270059                     /usr/lib/x86_64-linux-gnu/libltdl.so.7.3.0
7fa579594000-7fa579794000 ---p 00008000 08:02 270059                     /usr/lib/x86_64-linux-gnu/libltdl.so.7.3.0
7fa579794000-7fa579795000 r--p 00008000 08:02 270059                     /usr/lib/x86_64-linux-gnu/libltdl.so.7.3.0
7fa579795000-7fa579796000 rw-p 00009000 08:02 270059                     /usr/lib/x86_64-linux-gnu/libltdl.so.7.3.0
7fa579796000-7fa5797f5000 r-xp 00000000 08:02 273452                     /usr/lib/x86_64-linux-gnu/libodbc.so.1.0.0
7fa5797f5000-7fa5799f4000 ---p 0005f000 08:02 273452                     /usr/lib/x86_64-linux-gnu/libodbc.so.1.0.0
7fa5799f4000-7fa5799f5000 r--p 0005e000 08:02 273452                     /usr/lib/x86_64-linux-gnu/libodbc.so.1.0.0
7fa5799f5000-7fa5799fc000 rw-p 0005f000 08:02 273452                     /usr/lib/x86_64-linux-gnu/libodbc.so.1.0.0
7fa5799fc000-7fa5799fd000 rw-p 00000000 00:00 0 
7fa5799fd000-7fa579a0a000 r-xp 00000000 08:02 290477                     /usr/lib/swi-prolog/lib/amd64/odbc4pl.so
7fa579a0a000-7fa579c09000 ---p 0000d000 08:02 290477                     /usr/lib/swi-prolog/lib/amd64/odbc4pl.so
7fa579c09000-7fa579c0a000 r--p 0000c000 08:02 290477                     /usr/lib/swi-prolog/lib/amd64/odbc4pl.so
7fa579c0a000-7fa579c0b000 rw-p 0000d000 08:02 290477                     /usr/lib/swi-prolog/lib/amd64/odbc4pl.so
7fa579c0b000-7fa579c12000 r-xp 00000000 08:02 290168                     /usr/lib/swi-prolog/lib/amd64/socket.so
7fa579c12000-7fa579e11000 ---p 00007000 08:02 290168                     /usr/lib/swi-prolog/lib/amd64/socket.so
7fa579e11000-7fa579e12000 r--p 00006000 08:02 290168                     /usr/lib/swi-prolog/lib/amd64/socket.so
7fa579e12000-7fa579e13000 rw-p 00007000 08:02 290168                     /usr/lib/swi-prolog/lib/amd64/socket.so
7fa579e13000-7fa579e35000 r-xp 00000000 08:02 290162                     /usr/lib/swi-prolog/lib/amd64/rdf_db.so
7fa579e35000-7fa57a034000 ---p 00022000 08:02 290162                     /usr/lib/swi-prolog/lib/amd64/rdf_db.so
7fa57a034000-7fa57a035000 r--p 00021000 08:02 290162                     /usr/lib/swi-prolog/lib/amd64/rdf_db.so
7fa57a035000-7fa57a036000 rw-p 00022000 08:02 290162                     /usr/lib/swi-prolog/lib/amd64/rdf_db.so
7fa57a036000-7fa57a03b000 r-xp 00000000 08:02 290181                     /usr/lib/swi-prolog/lib/amd64/uri.so
7fa57a03b000-7fa57a23b000 ---p 00005000 08:02 290181                     /usr/lib/swi-prolog/lib/amd64/uri.so
7fa57a23b000-7fa57a23c000 r--p 00005000 08:02 290181                     /usr/lib/swi-prolog/lib/amd64/uri.so
7fa57a23c000-7fa57a23d000 rw-p 00006000 08:02 290181                     /usr/lib/swi-prolog/lib/amd64/uri.so
7fa57a23d000-7fa57a25e000 r-xp 00000000 08:02 290172                     /usr/lib/swi-prolog/lib/amd64/sgml2pl.so
7fa57a25e000-7fa57a45d000 ---p 00021000 08:02 290172                     /usr/lib/swi-prolog/lib/amd64/sgml2pl.so
7fa57a45d000-7fa57a45e000 r--p 00020000 08:02 290172                     /usr/lib/swi-prolog/lib/amd64/sgml2pl.so
7fa57a45e000-7fa57a45f000 rw-p 00021000 08:02 290172                     /usr/lib/swi-prolog/lib/amd64/sgml2pl.so
7fa57a45f000-7fa57a474000 r-xp 00000000 08:02 5246914                    /lib/x86_64-linux-gnu/libgcc_s.so.1
7fa57a474000-7fa57a673000 ---p 00015000 08:02 5246914                    /lib/x86_64-linux-gnu/libgcc_s.so.1
7fa57a673000-7fa57a674000 r--p 00014000 08:02 5246914                    /lib/x86_64-linux-gnu/libgcc_s.so.1
7fa57a674000-7fa57a675000 rw-p 00015000 08:02 5246914                    /lib/x86_64-linux-gnu/libgcc_s.so.1
7fa57a675000-7fa57a757000 r-xp 00000000 08:02 270218                     /usr/lib/x86_64-linux-gnu/libstdc++.so.6.0.16
7fa57a757000-7fa57a956000 ---p 000e2000 08:02 270218                     /usr/lib/x86_64-linux-gnu/libstdc++.so.6.0.16
7fa57a956000-7fa57a95e000 r--p 000e1000 08:02 270218                     /usr/lib/x86_64-linux-gnu/libstdc++.so.6.0.16
7fa57a95e000-7fa57a960000 rw-p 000e9000 08:02 270218                     /usr/lib/x86_64-linux-gnu/libstdc++.so.6.0.16
7fa57a960000-7fa57a975000 rw-p 00000000 00:00 0 
7fa57a975000-7fa57b34c000 r-xp 00000000 08:02 419960                     /usr/lib/jvm/java-6-openjdk-amd64/jre/lib/amd64/server/libjvm.so
7fa57b34c000-7fa57b54b000 ---p 009d7000 08:02 419960                     /usr/lib/jvm/java-6-openjdk-amd64/jre/lib/amd64/server/libjvm.so
7fa57b54b000-7fa57b5ca000 r--p 009d6000 08:02 419960                     /usr/lib/jvm/java-6-openjdk-amd64/jre/lib/amd64/server/libjvm.so
7fa57b5ca000-7fa57b5ed000 rw-p 00a55000 08:02 419960                     /usr/lib/jvm/java-6-openjdk-amd64/jre/lib/amd64/server/libjvm.so
7fa57b5ed000-7fa57b617000 rw-p 00000000 00:00 0 
7fa57b617000-7fa57b625000 r-xp 00000000 08:02 419955                     /usr/lib/jvm/java-6-openjdk-amd64/jre/lib/amd64/libverify.so
7fa57b625000-7fa57b824000 ---p 0000e000 08:02 419955                     /usr/lib/jvm/java-6-openjdk-amd64/jre/lib/amd64/libverify.so
7fa57b824000-7fa57b826000 r--p 0000d000 08:02 419955                     /usr/lib/jvm/java-6-openjdk-amd64/jre/lib/amd64/libverify.so
7fa57b826000-7fa57b827000 rw-p 0000f000 08:02 419955                     /usr/lib/jvm/java-6-openjdk-amd64/jre/lib/amd64/libverify.so
7fa57b827000-7fa57b854000 r-xp 00000000 08:02 419956                     /usr/lib/jvm/java-6-openjdk-amd64/jre/lib/amd64/libjava.so
7fa57b854000-7fa57ba53000 ---p 0002d000 08:02 419956                     /usr/lib/jvm/java-6-openjdk-amd64/jre/lib/amd64/libjava.so
7fa57ba53000-7fa57ba54000 r--p 0002c000 08:02 419956                     /usr/lib/jvm/java-6-openjdk-amd64/jre/lib/amd64/libjava.so
7fa57ba54000-7fa57ba57000 rw-p 0002d000 08:02 419956                     /usr/lib/jvm/java-6-openjdk-amd64/jre/lib/amd64/libjava.so
7fa57ba57000-7fa57bb46000 r-xp 00000000 08:02 289928                     /usr/lib/libswipl.so.5.10.4
7fa57bb46000-7fa57bd46000 ---p 000ef000 08:02 289928                     /usr/lib/libswipl.so.5.10.4
7fa57bd46000-7fa57bd56000 r--p 000ef000 08:02 289928                     /usr/lib/libswipl.so.5.10.4
7fa57bd56000-7fa57bd59000 rw-p 000ff000 08:02 289928                     /usr/lib/libswipl.so.5.10.4
7fa57bd59000-7fa57bd5d000 rw-p 00000000 00:00 0 
7fa57bd5d000-7fa57bd71000 r-xp 00000000 08:02 2643758                    /home/yazdani/work/ros/hydro/rosbuild_ws/knowrob/3rdparty/jpl/prolog/libjpl.so
7fa57bd71000-7fa57bf71000 ---p 00014000 08:02 2643758                    /home/yazdani/work/ros/hydro/rosbuild_ws/knowrob/3rdparty/jpl/prolog/libjpl.so
7fa57bf71000-7fa57bf72000 rw-p 00014000 08:02 2643758                    /home/yazdani/work/ros/hydro/rosbuild_ws/knowrob/3rdparty/jpl/prolog/libjpl.so
7fa57bf72000-7fa57bf73000 r-xp 00000000 08:02 290182                     /usr/lib/swi-prolog/lib/amd64/readutil.so
7fa57bf73000-7fa57c173000 ---p 00001000 08:02 290182                     /usr/lib/swi-prolog/lib/amd64/readutil.so
7fa57c173000-7fa57c174000 r--p 00001000 08:02 290182                     /usr/lib/swi-prolog/lib/amd64/readutil.so
7fa57c174000-7fa57c175000 rw-p 00002000 08:02 290182                     /usr/lib/swi-prolog/lib/amd64/readutil.so
7fa57c175000-7fa57c17a000 r-xp 00000000 08:02 290171                     /usr/lib/swi-prolog/lib/amd64/process.so
7fa57c17a000-7fa57c379000 ---p 00005000 08:02 290171                     /usr/lib/swi-prolog/lib/amd64/process.so
7fa57c379000-7fa57c37a000 r--p 00004000 08:02 290171                     /usr/lib/swi-prolog/lib/amd64/process.so
7fa57c37a000-7fa57c37b000 rw-p 00005000 08:02 290171                     /usr/lib/swi-prolog/lib/amd64/process.so
7fa57c37b000-7fa57ca5f000 r--p 00000000 08:02 268964                     /usr/lib/locale/locale-archive
7fa57ca5f000-7fa57cc14000 r-xp 00000000 08:02 5242891                    /lib/x86_64-linux-gnu/libc-2.15.so
7fa57cc14000-7fa57ce13000 ---p 001b5000 08:02 5242891                    /lib/x86_64-linux-gnu/libc-2.15.so
7fa57ce13000-7fa57ce17000 r--p 001b4000 08:02 5242891                    /lib/x86_64-linux-gnu/libc-2.15.so
7fa57ce17000-7fa57ce19000 rw-p 001b8000 08:02 5242891                    /lib/x86_64-linux-gnu/libc-2.15.so
7fa57ce19000-7fa57ce1e000 rw-p 00000000 00:00 0 
7fa57ce1e000-7fa57ce36000 r-xp 00000000 08:02 5243079                    /lib/x86_64-linux-gnu/libpthread-2.15.so
7fa57ce36000-7fa57d035000 ---p 00018000 08:02 5243079                    /lib/x86_64-linux-gnu/libpthread-2.15.so
7fa57d035000-7fa57d036000 r--p 00017000 08:02 5243079                    /lib/x86_64-linux-gnu/libpthread-2.15.so
7fa57d036000-7fa57d037000 rw-p 00018000 08:02 5243079                    /lib/x86_64-linux-gnu/libpthread-2.15.so
7fa57d037000-7fa57d03b000 rw-p 00000000 00:00 0 
7fa57d03b000-7fa57d03d000 r-xp 00000000 08:02 5243086                    /lib/x86_64-linux-gnu/libdl-2.15.so
7fa57d03d000-7fa57d23d000 ---p 00002000 08:02 5243086                    /lib/x86_64-linux-gnu/libdl-2.15.so
7fa57d23d000-7fa57d23e000 r--p 00002000 08:02 5243086                    /lib/x86_64-linux-gnu/libdl-2.15.so
7fa57d23e000-7fa57d23f000 rw-p 00003000 08:02 5243086                    /lib/x86_64-linux-gnu/libdl-2.15.so
7fa57d23f000-7fa57d33a000 r-xp 00000000 08:02 5243081                    /lib/x86_64-linux-gnu/libm-2.15.so
7fa57d33a000-7fa57d539000 ---p 000fb000 08:02 5243081                    /lib/x86_64-linux-gnu/libm-2.15.so
7fa57d539000-7fa57d53a000 r--p 000fa000 08:02 5243081                    /lib/x86_64-linux-gnu/libm-2.15.so
7fa57d53a000-7fa57d53b000 rw-p 000fb000 08:02 5243081                    /lib/x86_64-linux-gnu/libm-2.15.so
7fa57d53b000-7fa57d55d000 r-xp 00000000 08:02 5246990                    /lib/x86_64-linux-gnu/libtinfo.so.5.9
7fa57d55d000-7fa57d75d000 ---p 00022000 08:02 5246990                    /lib/x86_64-linux-gnu/libtinfo.so.5.9
7fa57d75d000-7fa57d761000 r--p 00022000 08:02 5246990                    /lib/x86_64-linux-gnu/libtinfo.so.5.9
7fa57d761000-7fa57d762000 rw-p 00026000 08:02 5246990                    /lib/x86_64-linux-gnu/libtinfo.so.5.9
7fa57d762000-7fa57d79b000 r-xp 00000000 08:02 5246976                    /lib/x86_64-linux-gnu/libreadline.so.6.2
7fa57d79b000-7fa57d99b000 ---p 00039000 08:02 5246976                    /lib/x86_64-linux-gnu/libreadline.so.6.2
7fa57d99b000-7fa57d99d000 r--p 00039000 08:02 5246976                    /lib/x86_64-linux-gnu/libreadline.so.6.2
7fa57d99d000-7fa57d9a3000 rw-p 0003b000 08:02 5246976                    /lib/x86_64-linux-gnu/libreadline.so.6.2
7fa57d9a3000-7fa57d9a4000 rw-p 00000000 00:00 0 
7fa57d9a4000-7fa57d9ab000 r-xp 00000000 08:02 5243077                    /lib/x86_64-linux-gnu/librt-2.15.so
7fa57d9ab000-7fa57dbaa000 ---p 00007000 08:02 5243077                    /lib/x86_64-linux-gnu/librt-2.15.so
7fa57dbaa000-7fa57dbab000 r--p 00006000 08:02 5243077                    /lib/x86_64-linux-gnu/librt-2.15.so
7fa57dbab000-7fa57dbac000 rw-p 00007000 08:02 5243077                    /lib/x86_64-linux-gnu/librt-2.15.so
7fa57dbac000-7fa57dc12000 r-xp 00000000 08:02 269924                     /usr/lib/x86_64-linux-gnu/libgmp.so.10.0.2
7fa57dc12000-7fa57de11000 ---p 00066000 08:02 269924                     /usr/lib/x86_64-linux-gnu/libgmp.so.10.0.2
7fa57de11000-7fa57de12000 r--p 00065000 08:02 269924                     /usr/lib/x86_64-linux-gnu/libgmp.so.10.0.2
7fa57de12000-7fa57de1a000 rw-p 00066000 08:02 269924                     /usr/lib/x86_64-linux-gnu/libgmp.so.10.0.2
7fa57de1a000-7fa57de3c000 r-xp 00000000 08:02 5243082                    /lib/x86_64-linux-gnu/ld-2.15.so
7fa57de3c000-7fa57dea6000 rw-p 00000000 00:00 0 
7fa57dea6000-7fa57deee000 rw-p 00000000 00:00 0 
7fa57deee000-7fa57def8000 rw-p 00000000 00:00 0 
7fa57def8000-7fa57dfae000 rw-p 00000000 00:00 0 
7fa57dfaf000-7fa57dfb1000 r--s 0004c000 08:02 2628322                    /home/yazdani/work/ros/hydro/rosbuild_ws/knowrob/knowrob_common/lib/vecmath.jar
7fa57dfb1000-7fa57dfb3000 r--s 0000d000 08:02 2628306                    /home/yazdani/work/ros/hydro/rosbuild_ws/knowrob/knowrob_common/lib/commons-logging-1.1.1.jar
7fa57dfb3000-7fa57dfb8000 r--s 00041000 08:02 2628305                    /home/yazdani/work/ros/hydro/rosbuild_ws/knowrob/knowrob_common/lib/commons-lang-2.6.jar
7fa57dfb8000-7fa57dfba000 r--s 0002b000 08:02 2628266                    /home/yazdani/work/ros/hydro/rosbuild_ws/knowrob/knowrob_cad_parser/lib/processing/core.jar
7fa57dfba000-7fa57dfc3000 r--s 00037000 08:02 2628260                    /home/yazdani/work/ros/hydro/rosbuild_ws/knowrob/knowrob_cad_parser/lib/dae4j.jar
7fa57dfc3000-7fa57dfcf000 r--s 002c7000 08:02 2628261                    /home/yazdani/work/ros/hydro/rosbuild_ws/knowrob/knowrob_cad_parser/lib/j3dcore.jar
7fa57dfcf000-7fa57dfd1000 rw-p 00000000 00:00 0 
7fa57dfd1000-7fa57dfd5000 r--s 0003c000 08:02 292097                     /usr/lib/jvm/java-6-openjdk-common/jre/lib/jsse.jar
7fa57dfd5000-7fa57dfd7000 r--s 00006000 08:02 2643756                    /home/yazdani/work/ros/hydro/rosbuild_ws/knowrob/3rdparty/jpl/prolog/jpl.jar
7fa57dfd7000-7fa57dfd8000 r--s 00007000 08:02 548852                     /usr/share/java/java-atk-wrapper.jar
7fa57dfd8000-7fa57dfdb000 r--s 00077000 08:02 295331                     /usr/lib/jvm/java-6-openjdk-common/jre/lib/ext/localedata.jar
7fa57dfdb000-7fa57dfdf000 r--s 00032000 08:02 295324                     /usr/lib/jvm/java-6-openjdk-common/jre/lib/ext/sunjce_provider.jar
7fa57dfdf000-7fa57dfe7000 rw-s 00000000 08:02 3277079                    /tmp/hsperfdata_yazdani/26145 (deleted)
7fa57dfe7000-7fa57e00e000 rw-p 00000000 00:00 0 
7fa57e00e000-7fa57e010000 r--s 0000f000 08:02 295326                     /usr/lib/jvm/java-6-openjdk-common/jre/lib/ext/pulse-java.jar
7fa57e010000-7fa57e013000 r--s 0003a000 08:02 295327                     /usr/lib/jvm/java-6-openjdk-common/jre/lib/ext/sunpkcs11.jar
7fa57e013000-7fa57e015000 r--s 00001000 08:02 295328                     /usr/lib/jvm/java-6-openjdk-common/jre/lib/ext/dnsns.jar
7fa57e015000-7fa57e016000 rw-p 00000000 00:00 0 
7fa57e016000-7fa57e017000 ---p 00000000 00:00 0 
7fa57e017000-7fa57e018000 rw-p 00000000 00:00 0 
7fa57e018000-7fa57e01f000 r--s 00000000 08:02 551105                     /usr/lib/x86_64-linux-gnu/gconv/gconv-modules.cache
7fa57e01f000-7fa57e03a000 r--s 00000000 08:02 290472                     /usr/lib/swi-prolog/boot64.prc
7fa57e03a000-7fa57e03c000 rw-p 00000000 00:00 0 
7fa57e03c000-7fa57e03d000 r--p 00022000 08:02 5243082                    /lib/x86_64-linux-gnu/ld-2.15.so
7fa57e03d000-7fa57e03f000 rw-p 00023000 08:02 5243082                    /lib/x86_64-linux-gnu/ld-2.15.so
7fff7fcea000-7fff7fced000 ---p 00000000 00:00 0 
7fff7fcee000-7fff7fdea000 rw-p 00000000 00:00 0                          [stack]
7fff7fdfe000-7fff7fe00000 r-xp 00000000 00:00 0                          [vdso]
ffffffffff600000-ffffffffff601000 r-xp 00000000 00:00 0                  [vsyscall]

VM Arguments:
jvm_args: -Xmx2048M 
java_command: <unknown>
Launcher Type: generic

Environment Variables:
JAVA_HOME=/usr/lib/jvm/java-6-openjdk/
PATH=/home/yazdani/work/ros/hydro/catkin_ws/devel/bin:/opt/ros/hydro/bin:/home/yazdani/Desktop/Repo/unihb_docs//tools:/usr/lib/lightdm/lightdm:/usr/local/sbin:/usr/local/bin:/usr/sbin:/usr/bin:/sbin:/bin:/usr/games:/usr/lib/jvm/java-6-openjdk//bin
LD_LIBRARY_PATH=/home/yazdani/work/ros/hydro/rosbuild_ws/rosjava_jni/rosjava_jni/bin:/home/yazdani/work/ros/hydro/rosbuild_ws/knowrob/3rdparty/jpl/jpl:/home/yazdani/work/ros/hydro/rosbuild_ws/rosjava_jni/rosjava_jni/bin:/opt/ros/hydro/lib/typelib:/home/yazdani/work/ros/hydro/catkin_ws/devel/lib:/opt/ros/hydro/lib:/opt/ros/hydro/lib/typelib:/opt/ros/hydro/lib/python2.7/dist-packages:/opt/ros/hydro/lib/python2.7/dist-packages:/usr/lib/swi-prolog/lib/amd64
SHELL=/bin/bash
DISPLAY=:0

Signal Handlers:
SIGSEGV: [libjvm.so+0x83dcf0], sa_mask[0]=0x7ffbfeff, sa_flags=0x10000004
SIGBUS: [libjvm.so+0x83dcf0], sa_mask[0]=0x7ffbfeff, sa_flags=0x10000004
SIGFPE: [libjvm.so+0x6de8f0], sa_mask[0]=0x7ffbfeff, sa_flags=0x10000004
SIGPIPE: SIG_IGN, sa_mask[0]=0x00001000, sa_flags=0x10000000
SIGXFSZ: [libjvm.so+0x6de8f0], sa_mask[0]=0x7ffbfeff, sa_flags=0x10000004
SIGILL: [libjvm.so+0x6de8f0], sa_mask[0]=0x7ffbfeff, sa_flags=0x10000004
SIGUSR1: SIG_DFL, sa_mask[0]=0x00000000, sa_flags=0x00000000
SIGUSR2: [libjvm.so+0x6ded30], sa_mask[0]=0x00000000, sa_flags=0x10000004
SIGHUP: [libjvm.so+0x6dee70], sa_mask[0]=0x7ffbfeff, sa_flags=0x10000004
SIGINT: [libroscpp.so+0xeaaf0], sa_mask[0]=0x00000002, sa_flags=0x10000000
SIGTERM: [libjvm.so+0x6dee70], sa_mask[0]=0x7ffbfeff, sa_flags=0x10000004
SIGQUIT: [libjvm.so+0x6dee70], sa_mask[0]=0x7ffbfeff, sa_flags=0x10000004


---------------  S Y S T E M  ---------------

OS:Ubuntu 12.04 (precise)
uname:Linux 3.11.0-26-generic #45~precise1-Ubuntu SMP Tue Jul 15 04:02:35 UTC 2014 x86_64
libc:glibc 2.15 NPTL 2.15 
rlimit: STACK 8192k, CORE 0k, NPROC 255090, NOFILE 4096, AS infinity
load average:1.16 1.30 1.26

/proc/meminfo:
MemTotal:       32888388 kB
MemFree:        18703312 kB
Buffers:          414556 kB
Cached:         11552568 kB
SwapCached:            0 kB
Active:         10710768 kB
Inactive:        2606008 kB
Active(anon):    1351228 kB
Inactive(anon):    14708 kB
Active(file):    9359540 kB
Inactive(file):  2591300 kB
Unevictable:           0 kB
Mlocked:               0 kB
SwapTotal:      33495036 kB
SwapFree:       33495036 kB
Dirty:               836 kB
Writeback:             0 kB
AnonPages:       1349128 kB
Mapped:           270928 kB
Shmem:             16288 kB
Slab:             551708 kB
SReclaimable:     477260 kB
SUnreclaim:        74448 kB
KernelStack:       10568 kB
PageTables:        40096 kB
NFS_Unstable:          0 kB
Bounce:                0 kB
WritebackTmp:          0 kB
CommitLimit:    49939228 kB
Committed_AS:   12208412 kB
VmallocTotal:   34359738367 kB
VmallocUsed:      654412 kB
VmallocChunk:   34359080956 kB
HardwareCorrupted:     0 kB
AnonHugePages:         0 kB
HugePages_Total:       0
HugePages_Free:        0
HugePages_Rsvd:        0
HugePages_Surp:        0
Hugepagesize:       2048 kB
DirectMap4k:      406924 kB
DirectMap2M:    10039296 kB
DirectMap1G:    25165824 kB


CPU:total 12 (6 cores per cpu, 2 threads per core) family 6 model 62 stepping 4, cmov, cx8, fxsr, mmx, sse, sse2, sse3, ssse3, sse4.1, sse4.2, popcnt, avx, ht, tsc, tscinvbit

/proc/cpuinfo:
processor	: 0
vendor_id	: GenuineIntel
cpu family	: 6
model		: 62
model name	: Intel(R) Core(TM) i7-4930K CPU @ 3.40GHz
stepping	: 4
microcode	: 0x416
cpu MHz		: 3401.000
cache size	: 12288 KB
physical id	: 0
siblings	: 12
core id		: 0
cpu cores	: 6
apicid		: 0
initial apicid	: 0
fpu		: yes
fpu_exception	: yes
cpuid level	: 13
wp		: yes
flags		: fpu vme de pse tsc msr pae mce cx8 apic sep mtrr pge mca cmov pat pse36 clflush dts acpi mmx fxsr sse sse2 ss ht tm pbe syscall nx pdpe1gb rdtscp lm constant_tsc arch_perfmon pebs bts rep_good nopl xtopology nonstop_tsc aperfmperf eagerfpu pni pclmulqdq dtes64 monitor ds_cpl vmx est tm2 ssse3 cx16 xtpr pdcm pcid dca sse4_1 sse4_2 x2apic popcnt tsc_deadline_timer aes xsave avx f16c rdrand lahf_lm ida arat epb xsaveopt pln pts dtherm tpr_shadow vnmi flexpriority ept vpid fsgsbase smep erms
bogomips	: 6800.24
clflush size	: 64
cache_alignment	: 64
address sizes	: 46 bits physical, 48 bits virtual
power management:

processor	: 1
vendor_id	: GenuineIntel
cpu family	: 6
model		: 62
model name	: Intel(R) Core(TM) i7-4930K CPU @ 3.40GHz
stepping	: 4
microcode	: 0x416
cpu MHz		: 3401.000
cache size	: 12288 KB
physical id	: 0
siblings	: 12
core id		: 1
cpu cores	: 6
apicid		: 2
initial apicid	: 2
fpu		: yes
fpu_exception	: yes
cpuid level	: 13
wp		: yes
flags		: fpu vme de pse tsc msr pae mce cx8 apic sep mtrr pge mca cmov pat pse36 clflush dts acpi mmx fxsr sse sse2 ss ht tm pbe syscall nx pdpe1gb rdtscp lm constant_tsc arch_perfmon pebs bts rep_good nopl xtopology nonstop_tsc aperfmperf eagerfpu pni pclmulqdq dtes64 monitor ds_cpl vmx est tm2 ssse3 cx16 xtpr pdcm pcid dca sse4_1 sse4_2 x2apic popcnt tsc_deadline_timer aes xsave avx f16c rdrand lahf_lm ida arat epb xsaveopt pln pts dtherm tpr_shadow vnmi flexpriority ept vpid fsgsbase smep erms
bogomips	: 6800.24
clflush size	: 64
cache_alignment	: 64
address sizes	: 46 bits physical, 48 bits virtual
power management:

processor	: 2
vendor_id	: GenuineIntel
cpu family	: 6
model		: 62
model name	: Intel(R) Core(TM) i7-4930K CPU @ 3.40GHz
stepping	: 4
microcode	: 0x416
cpu MHz		: 3200.000
cache size	: 12288 KB
physical id	: 0
siblings	: 12
core id		: 2
cpu cores	: 6
apicid		: 4
initial apicid	: 4
fpu		: yes
fpu_exception	: yes
cpuid level	: 13
wp		: yes
flags		: fpu vme de pse tsc msr pae mce cx8 apic sep mtrr pge mca cmov pat pse36 clflush dts acpi mmx fxsr sse sse2 ss ht tm pbe syscall nx pdpe1gb rdtscp lm constant_tsc arch_perfmon pebs bts rep_good nopl xtopology nonstop_tsc aperfmperf eagerfpu pni pclmulqdq dtes64 monitor ds_cpl vmx est tm2 ssse3 cx16 xtpr pdcm pcid dca sse4_1 sse4_2 x2apic popcnt tsc_deadline_timer aes xsave avx f16c rdrand lahf_lm ida arat epb xsaveopt pln pts dtherm tpr_shadow vnmi flexpriority ept vpid fsgsbase smep erms
bogomips	: 6800.24
clflush size	: 64
cache_alignment	: 64
address sizes	: 46 bits physical, 48 bits virtual
power management:

processor	: 3
vendor_id	: GenuineIntel
cpu family	: 6
model		: 62
model name	: Intel(R) Core(TM) i7-4930K CPU @ 3.40GHz
stepping	: 4
microcode	: 0x416
cpu MHz		: 3401.000
cache size	: 12288 KB
physical id	: 0
siblings	: 12
core id		: 3
cpu cores	: 6
apicid		: 6
initial apicid	: 6
fpu		: yes
fpu_exception	: yes
cpuid level	: 13
wp		: yes
flags		: fpu vme de pse tsc msr pae mce cx8 apic sep mtrr pge mca cmov pat pse36 clflush dts acpi mmx fxsr sse sse2 ss ht tm pbe syscall nx pdpe1gb rdtscp lm constant_tsc arch_perfmon pebs bts rep_good nopl xtopology nonstop_tsc aperfmperf eagerfpu pni pclmulqdq dtes64 monitor ds_cpl vmx est tm2 ssse3 cx16 xtpr pdcm pcid dca sse4_1 sse4_2 x2apic popcnt tsc_deadline_timer aes xsave avx f16c rdrand lahf_lm ida arat epb xsaveopt pln pts dtherm tpr_shadow vnmi flexpriority ept vpid fsgsbase smep erms
bogomips	: 6800.24
clflush size	: 64
cache_alignment	: 64
address sizes	: 46 bits physical, 48 bits virtual
power management:

processor	: 4
vendor_id	: GenuineIntel
cpu family	: 6
model		: 62
model name	: Intel(R) Core(TM) i7-4930K CPU @ 3.40GHz
stepping	: 4
microcode	: 0x416
cpu MHz		: 3401.000
cache size	: 12288 KB
physical id	: 0
siblings	: 12
core id		: 4
cpu cores	: 6
apicid		: 8
initial apicid	: 8
fpu		: yes
fpu_exception	: yes
cpuid level	: 13
wp		: yes
flags		: fpu vme de pse tsc msr pae mce cx8 apic sep mtrr pge mca cmov pat pse36 clflush dts acpi mmx fxsr sse sse2 ss ht tm pbe syscall nx pdpe1gb rdtscp lm constant_tsc arch_perfmon pebs bts rep_good nopl xtopology nonstop_tsc aperfmperf eagerfpu pni pclmulqdq dtes64 monitor ds_cpl vmx est tm2 ssse3 cx16 xtpr pdcm pcid dca sse4_1 sse4_2 x2apic popcnt tsc_deadline_timer aes xsave avx f16c rdrand lahf_lm ida arat epb xsaveopt pln pts dtherm tpr_shadow vnmi flexpriority ept vpid fsgsbase smep erms
bogomips	: 6800.24
clflush size	: 64
cache_alignment	: 64
address sizes	: 46 bits physical, 48 bits virtual
power management:

processor	: 5
vendor_id	: GenuineIntel
cpu family	: 6
model		: 62
model name	: Intel(R) Core(TM) i7-4930K CPU @ 3.40GHz
stepping	: 4
microcode	: 0x416
cpu MHz		: 3401.000
cache size	: 12288 KB
physical id	: 0
siblings	: 12
core id		: 5
cpu cores	: 6
apicid		: 10
initial apicid	: 10
fpu		: yes
fpu_exception	: yes
cpuid level	: 13
wp		: yes
flags		: fpu vme de pse tsc msr pae mce cx8 apic sep mtrr pge mca cmov pat pse36 clflush dts acpi mmx fxsr sse sse2 ss ht tm pbe syscall nx pdpe1gb rdtscp lm constant_tsc arch_perfmon pebs bts rep_good nopl xtopology nonstop_tsc aperfmperf eagerfpu pni pclmulqdq dtes64 monitor ds_cpl vmx est tm2 ssse3 cx16 xtpr pdcm pcid dca sse4_1 sse4_2 x2apic popcnt tsc_deadline_timer aes xsave avx f16c rdrand lahf_lm ida arat epb xsaveopt pln pts dtherm tpr_shadow vnmi flexpriority ept vpid fsgsbase smep erms
bogomips	: 6800.24
clflush size	: 64
cache_alignment	: 64
address sizes	: 46 bits physical, 48 bits virtual
power management:

processor	: 6
vendor_id	: GenuineIntel
cpu family	: 6
model		: 62
model name	: Intel(R) Core(TM) i7-4930K CPU @ 3.40GHz
stepping	: 4
microcode	: 0x416
cpu MHz		: 1400.000
cache size	: 12288 KB
physical id	: 0
siblings	: 12
core id		: 0
cpu cores	: 6
apicid		: 1
initial apicid	: 1
fpu		: yes
fpu_exception	: yes
cpuid level	: 13
wp		: yes
flags		: fpu vme de pse tsc msr pae mce cx8 apic sep mtrr pge mca cmov pat pse36 clflush dts acpi mmx fxsr sse sse2 ss ht tm pbe syscall nx pdpe1gb rdtscp lm constant_tsc arch_perfmon pebs bts rep_good nopl xtopology nonstop_tsc aperfmperf eagerfpu pni pclmulqdq dtes64 monitor ds_cpl vmx est tm2 ssse3 cx16 xtpr pdcm pcid dca sse4_1 sse4_2 x2apic popcnt tsc_deadline_timer aes xsave avx f16c rdrand lahf_lm ida arat epb xsaveopt pln pts dtherm tpr_shadow vnmi flexpriority ept vpid fsgsbase smep erms
bogomips	: 6800.24
clflush size	: 64
cache_alignment	: 64
address sizes	: 46 bits physical, 48 bits virtual
power management:

processor	: 7
vendor_id	: GenuineIntel
cpu family	: 6
model		: 62
model name	: Intel(R) Core(TM) i7-4930K CPU @ 3.40GHz
stepping	: 4
microcode	: 0x416
cpu MHz		: 3401.000
cache size	: 12288 KB
physical id	: 0
siblings	: 12
core id		: 1
cpu cores	: 6
apicid		: 3
initial apicid	: 3
fpu		: yes
fpu_exception	: yes
cpuid level	: 13
wp		: yes
flags		: fpu vme de pse tsc msr pae mce cx8 apic sep mtrr pge mca cmov pat pse36 clflush dts acpi mmx fxsr sse sse2 ss ht tm pbe syscall nx pdpe1gb rdtscp lm constant_tsc arch_perfmon pebs bts rep_good nopl xtopology nonstop_tsc aperfmperf eagerfpu pni pclmulqdq dtes64 monitor ds_cpl vmx est tm2 ssse3 cx16 xtpr pdcm pcid dca sse4_1 sse4_2 x2apic popcnt tsc_deadline_timer aes xsave avx f16c rdrand lahf_lm ida arat epb xsaveopt pln pts dtherm tpr_shadow vnmi flexpriority ept vpid fsgsbase smep erms
bogomips	: 6800.24
clflush size	: 64
cache_alignment	: 64
address sizes	: 46 bits physical, 48 bits virtual
power management:

processor	: 8
vendor_id	: GenuineIntel
cpu family	: 6
model		: 62
model name	: Intel(R) Core(TM) i7-4930K CPU @ 3.40GHz
stepping	: 4
microcode	: 0x416
cpu MHz		: 3401.000
cache size	: 12288 KB
physical id	: 0
siblings	: 12
core id		: 2
cpu cores	: 6
apicid		: 5
initial apicid	: 5
fpu		: yes
fpu_exception	: yes
cpuid level	: 13
wp		: yes
flags		: fpu vme de pse tsc msr pae mce cx8 apic sep mtrr pge mca cmov pat pse36 clflush dts acpi mmx fxsr sse sse2 ss ht tm pbe syscall nx pdpe1gb rdtscp lm constant_tsc arch_perfmon pebs bts rep_good nopl xtopology nonstop_tsc aperfmperf eagerfpu pni pclmulqdq dtes64 monitor ds_cpl vmx est tm2 ssse3 cx16 xtpr pdcm pcid dca sse4_1 sse4_2 x2apic popcnt tsc_deadline_timer aes xsave avx f16c rdrand lahf_lm ida arat epb xsaveopt pln pts dtherm tpr_shadow vnmi flexpriority ept vpid fsgsbase smep erms
bogomips	: 6800.24
clflush size	: 64
cache_alignment	: 64
address sizes	: 46 bits physical, 48 bits virtual
power management:

processor	: 9
vendor_id	: GenuineIntel
cpu family	: 6
model		: 62
model name	: Intel(R) Core(TM) i7-4930K CPU @ 3.40GHz
stepping	: 4
microcode	: 0x416
cpu MHz		: 3401.000
cache size	: 12288 KB
physical id	: 0
siblings	: 12
core id		: 3
cpu cores	: 6
apicid		: 7
initial apicid	: 7
fpu		: yes
fpu_exception	: yes
cpuid level	: 13
wp		: yes
flags		: fpu vme de pse tsc msr pae mce cx8 apic sep mtrr pge mca cmov pat pse36 clflush dts acpi mmx fxsr sse sse2 ss ht tm pbe syscall nx pdpe1gb rdtscp lm constant_tsc arch_perfmon pebs bts rep_good nopl xtopology nonstop_tsc aperfmperf eagerfpu pni pclmulqdq dtes64 monitor ds_cpl vmx est tm2 ssse3 cx16 xtpr pdcm pcid dca sse4_1 sse4_2 x2apic popcnt tsc_deadline_timer aes xsave avx f16c rdrand lahf_lm ida arat epb xsaveopt pln pts dtherm tpr_shadow vnmi flexpriority ept vpid fsgsbase smep erms
bogomips	: 6800.24
clflush size	: 64
cache_alignment	: 64
address sizes	: 46 bits physical, 48 bits virtual
power management:

processor	: 10
vendor_id	: GenuineIntel
cpu family	: 6
model		: 62
model name	: Intel(R) Core(TM) i7-4930K CPU @ 3.40GHz
stepping	: 4
microcode	: 0x416
cpu MHz		: 3401.000
cache size	: 12288 KB
physical id	: 0
siblings	: 12
core id		: 4
cpu cores	: 6
apicid		: 9
initial apicid	: 9
fpu		: yes
fpu_exception	: yes
cpuid level	: 13
wp		: yes
flags		: fpu vme de pse tsc msr pae mce cx8 apic sep mtrr pge mca cmov pat pse36 clflush dts acpi mmx fxsr sse sse2 ss ht tm pbe syscall nx pdpe1gb rdtscp lm constant_tsc arch_perfmon pebs bts rep_good nopl xtopology nonstop_tsc aperfmperf eagerfpu pni pclmulqdq dtes64 monitor ds_cpl vmx est tm2 ssse3 cx16 xtpr pdcm pcid dca sse4_1 sse4_2 x2apic popcnt tsc_deadline_timer aes xsave avx f16c rdrand lahf_lm ida arat epb xsaveopt pln pts dtherm tpr_shadow vnmi flexpriority ept vpid fsgsbase smep erms
bogomips	: 6800.24
clflush size	: 64
cache_alignment	: 64
address sizes	: 46 bits physical, 48 bits virtual
power management:

processor	: 11
vendor_id	: GenuineIntel
cpu family	: 6
model		: 62
model name	: Intel(R) Core(TM) i7-4930K CPU @ 3.40GHz
stepping	: 4
microcode	: 0x416
cpu MHz		: 3401.000
cache size	: 12288 KB
physical id	: 0
siblings	: 12
core id		: 5
cpu cores	: 6
apicid		: 11
initial apicid	: 11
fpu		: yes
fpu_exception	: yes
cpuid level	: 13
wp		: yes
flags		: fpu vme de pse tsc msr pae mce cx8 apic sep mtrr pge mca cmov pat pse36 clflush dts acpi mmx fxsr sse sse2 ss ht tm pbe syscall nx pdpe1gb rdtscp lm constant_tsc arch_perfmon pebs bts rep_good nopl xtopology nonstop_tsc aperfmperf eagerfpu pni pclmulqdq dtes64 monitor ds_cpl vmx est tm2 ssse3 cx16 xtpr pdcm pcid dca sse4_1 sse4_2 x2apic popcnt tsc_deadline_timer aes xsave avx f16c rdrand lahf_lm ida arat epb xsaveopt pln pts dtherm tpr_shadow vnmi flexpriority ept vpid fsgsbase smep erms
bogomips	: 6800.24
clflush size	: 64
cache_alignment	: 64
address sizes	: 46 bits physical, 48 bits virtual
power management:



Memory: 4k page, physical 32888388k(18703312k free), swap 33495036k(33495036k free)

vm_info: OpenJDK 64-Bit Server VM (23.25-b01) for linux-amd64 JRE (1.6.0_33-b33), built on Oct 15 2014 12:27:16 by "buildd" with gcc 4.6.3

time: Tue Nov 11 15:15:25 2014
elapsed time: 2406 seconds

